2018-05-30 08:53:25,523 INFO o.a.j.u.JMeterUtils: Setting Locale to en_US
2018-05-30 08:53:25,551 INFO o.a.j.JMeter: Loading user properties from: user.properties
2018-05-30 08:53:25,553 INFO o.a.j.JMeter: Loading system properties from: system.properties
2018-05-30 08:53:25,561 INFO o.a.j.JMeter: Copyright (c) 1998-2018 The Apache Software Foundation
2018-05-30 08:53:25,562 INFO o.a.j.JMeter: Version 4.0 r1823414
2018-05-30 08:53:25,562 INFO o.a.j.JMeter: java.version=9.0.4
2018-05-30 08:53:25,562 INFO o.a.j.JMeter: java.vm.name=Java HotSpot(TM) 64-Bit Server VM
2018-05-30 08:53:25,562 INFO o.a.j.JMeter: os.name=Windows 10
2018-05-30 08:53:25,562 INFO o.a.j.JMeter: os.arch=amd64
2018-05-30 08:53:25,563 INFO o.a.j.JMeter: os.version=10.0
2018-05-30 08:53:25,563 INFO o.a.j.JMeter: file.encoding=Cp1252
2018-05-30 08:53:25,563 INFO o.a.j.JMeter: Max memory     =4265607168
2018-05-30 08:53:25,563 INFO o.a.j.JMeter: Available Processors =4
2018-05-30 08:53:25,573 INFO o.a.j.JMeter: Default Locale=English (United States)
2018-05-30 08:53:25,573 INFO o.a.j.JMeter: JMeter  Locale=English (United States)
2018-05-30 08:53:25,574 INFO o.a.j.JMeter: JMeterHome=C:\JMeter\apache-jmeter-4.0
2018-05-30 08:53:25,574 INFO o.a.j.JMeter: user.dir  =C:\JMeter\apache-jmeter-4.0\bin
2018-05-30 08:53:25,575 INFO o.a.j.JMeter: PWD       =C:\JMeter\apache-jmeter-4.0\bin
2018-05-30 08:53:25,577 INFO o.a.j.JMeter: IP: 192.168.176.196 Name: DEN0396L FullName: DEN0396L.vertafore.com
2018-05-30 08:53:25,884 INFO o.a.j.g.a.LookAndFeelCommand: Installing Darcula LAF
2018-05-30 08:53:25,891 INFO o.a.j.g.a.LookAndFeelCommand: Using look and feel: com.bulenkov.darcula.DarculaLaf [Darcula]
2018-05-30 08:53:25,891 INFO o.a.j.JMeter: Setting LAF to: com.bulenkov.darcula.DarculaLaf
2018-05-30 08:53:25,976 INFO o.a.j.JMeter: Loaded icon properties from org/apache/jmeter/images/icon.properties
2018-05-30 08:53:26,669 INFO o.a.j.e.u.CompoundVariable: Note: Function class names must contain the string: '.functions.'
2018-05-30 08:53:26,670 INFO o.a.j.e.u.CompoundVariable: Note: Function class names must not contain the string: '.gui.'
2018-05-30 08:53:27,605 INFO o.a.j.JMeter: Loading file: C:\JMeter\apache-jmeter-4.0\bin\SpotifyAPITest.jmx
2018-05-30 08:53:27,607 INFO o.a.j.s.FileServer: Default base='C:\JMeter\apache-jmeter-4.0\bin'
2018-05-30 08:53:27,608 INFO o.a.j.s.FileServer: Set new base='C:\JMeter\apache-jmeter-4.0\bin'
2018-05-30 08:53:27,830 INFO o.a.j.s.SaveService: Testplan (JMX) version: 2.2. Testlog (JTL) version: 2.2
2018-05-30 08:53:27,857 INFO o.a.j.s.SaveService: Using SaveService properties version 4.0
2018-05-30 08:53:27,860 INFO o.a.j.s.SaveService: Using SaveService properties file encoding UTF-8
2018-05-30 08:53:27,862 INFO o.a.j.s.SaveService: Loading file: C:\JMeter\apache-jmeter-4.0\bin\SpotifyAPITest.jmx
2018-05-30 08:53:28,064 INFO o.a.j.p.h.s.HTTPSamplerBase: Parser for text/html is org.apache.jmeter.protocol.http.parser.LagartoBasedHtmlParser
2018-05-30 08:53:28,064 INFO o.a.j.p.h.s.HTTPSamplerBase: Parser for application/xhtml+xml is org.apache.jmeter.protocol.http.parser.LagartoBasedHtmlParser
2018-05-30 08:53:28,065 INFO o.a.j.p.h.s.HTTPSamplerBase: Parser for application/xml is org.apache.jmeter.protocol.http.parser.LagartoBasedHtmlParser
2018-05-30 08:53:28,065 INFO o.a.j.p.h.s.HTTPSamplerBase: Parser for text/xml is org.apache.jmeter.protocol.http.parser.LagartoBasedHtmlParser
2018-05-30 08:53:28,065 INFO o.a.j.p.h.s.HTTPSamplerBase: Parser for text/vnd.wap.wml is org.apache.jmeter.protocol.http.parser.RegexpHTMLParser
2018-05-30 08:53:28,065 INFO o.a.j.p.h.s.HTTPSamplerBase: Parser for text/css is org.apache.jmeter.protocol.http.parser.CssParser
2018-05-30 08:53:28,247 INFO o.a.j.s.FileServer: Set new base='C:\JMeter\apache-jmeter-4.0\bin'
2018-05-30 08:53:28,405 INFO o.a.j.s.SampleResult: Note: Sample TimeStamps are START times
2018-05-30 08:53:28,406 INFO o.a.j.s.SampleResult: sampleresult.default.encoding is set to ISO-8859-1
2018-05-30 08:53:28,406 INFO o.a.j.s.SampleResult: sampleresult.useNanoTime=true
2018-05-30 08:53:28,406 INFO o.a.j.s.SampleResult: sampleresult.nanoThreadSleep=5000
2018-05-30 08:53:29,399 INFO o.j.r.JARSourceHTTP: Requesting https://jmeter-plugins.org/repo/?installID=windows_10-8f5c245cadf59b82d8862154d9effccd-gui
2018-05-30 08:53:31,080 INFO o.j.r.PluginManager: Plugins Status: [jpgc-graphs-basic=2.0, jpgc-graphs-additional=2.0, jpgc-cmd=2.1, jpgc-graphs-composite=2.0, jpgc-functions=2.1, custom-soap=1.3, jpgc-casutg=2.5, jpgc-dummy=0.2, jpgc-ffw=2.0, jpgc-httpraw=0.1, jpgc-fifo=0.2, jpgc-json=2.6, jpgc-pde=0.1, bzm-parallel=0.7, jpgc-prmctl=0.4, jpgc-perfmon=2.1, jpgc-plugins-manager=1.1, bzm-random-csv=0.6, jpgc-tst=2.4, jpgc-csvars=0.1, jmeter-core=4.0, jmeter-ftp=4.0, jmeter-http=4.0, jmeter-jdbc=4.0, jmeter-jms=4.0, jmeter-junit=4.0, jmeter-java=4.0, jmeter-ldap=4.0, jmeter-mail=4.0, jmeter-mongodb=4.0, jmeter-native=4.0, jmeter-tcp=4.0, jmeter-components=4.0, jpgc-standard=2.0]
2018-05-30 08:53:31,476 INFO o.a.j.e.KeyToolUtils: keytool found at 'keytool'
2018-05-30 08:53:31,477 INFO o.a.j.p.h.p.ProxyControl: HTTP(S) Test Script Recorder SSL Proxy will use keys that support embedded 3rd party resources in file C:\JMeter\apache-jmeter-4.0\bin\proxyserver.jks
2018-05-30 08:54:36,553 INFO o.a.j.e.StandardJMeterEngine: Running the test!
2018-05-30 08:54:36,555 INFO o.a.j.s.SampleEvent: List of sample_variables: []
2018-05-30 08:54:36,555 INFO o.a.j.s.SampleEvent: List of sample_variables: []
2018-05-30 08:54:36,566 INFO o.a.j.g.u.JMeterMenuBar: setRunning(true, *local*)
2018-05-30 08:54:36,574 INFO o.a.j.e.StandardJMeterEngine: Starting setUp thread groups
2018-05-30 08:54:36,574 INFO o.a.j.e.StandardJMeterEngine: Starting setUp ThreadGroup: 1 : Setup 
2018-05-30 08:54:36,575 INFO o.a.j.e.StandardJMeterEngine: Starting 1 threads for group Setup.
2018-05-30 08:54:36,575 INFO o.a.j.e.StandardJMeterEngine: Thread will continue on error
2018-05-30 08:54:36,575 INFO o.a.j.t.ThreadGroup: Starting thread group... number=1 threads=1 ramp-up=1 perThread=1000.0 delayedStart=false
2018-05-30 08:54:36,583 INFO o.a.j.t.ThreadGroup: Started thread group number 1
2018-05-30 08:54:36,584 INFO o.a.j.e.StandardJMeterEngine: Waiting for all setup thread groups to exit
2018-05-30 08:54:36,592 INFO o.a.j.t.JMeterThread: Thread started: Setup 1-1
2018-05-30 08:54:36,606 INFO o.a.j.p.h.s.HTTPHCAbstractImpl: Local host = DEN0396L
2018-05-30 08:54:36,612 INFO o.a.j.p.h.s.HTTPHC4Impl: HTTP request retry count = 0
2018-05-30 08:54:36,644 INFO o.a.j.p.h.s.LazySchemeSocketFactory: Setting up HTTPS TrustAll Socket Factory
2018-05-30 08:54:36,646 INFO o.a.j.u.JsseSSLManager: Using default SSL protocol: TLS
2018-05-30 08:54:36,646 INFO o.a.j.u.JsseSSLManager: SSL session context: per-thread
2018-05-30 08:54:36,650 INFO o.a.j.u.SSLManager: JmeterKeyStore Location:  type JKS
2018-05-30 08:54:36,651 INFO o.a.j.u.SSLManager: KeyStore created OK
2018-05-30 08:54:36,651 WARN o.a.j.u.SSLManager: Keystore file not found, loading empty keystore
2018-05-30 08:54:36,894 INFO o.a.j.t.JMeterThread: Thread is done: Setup 1-1
2018-05-30 08:54:36,894 INFO o.a.j.t.JMeterThread: Thread finished: Setup 1-1
2018-05-30 08:54:36,895 INFO o.a.j.e.StandardJMeterEngine: All Setup Threads have ended
2018-05-30 08:54:37,084 INFO o.a.j.e.StandardJMeterEngine: Starting ThreadGroup: 1 : Spotify REST API Test
2018-05-30 08:54:37,084 INFO o.a.j.e.StandardJMeterEngine: Starting 20 threads for group Spotify REST API Test.
2018-05-30 08:54:37,084 INFO o.a.j.e.StandardJMeterEngine: Thread will continue on error
2018-05-30 08:54:37,084 INFO k.a.j.t.AbstractSimpleThreadGroup: Starting thread group number 1 threads 20
2018-05-30 08:54:37,104 INFO k.a.j.t.AbstractSimpleThreadGroup: Started thread group number 1
2018-05-30 08:54:37,104 INFO o.a.j.e.StandardJMeterEngine: All thread groups have been started
2018-05-30 08:55:07,085 INFO o.a.j.t.JMeterThread: Thread started: Spotify REST API Test 1-1
2018-05-30 08:55:14,584 INFO o.a.j.t.JMeterThread: Thread started: Spotify REST API Test 1-2
2018-05-30 08:55:16,186 INFO o.a.j.g.a.Start: Stopping test
2018-05-30 08:55:16,203 INFO o.a.j.t.JMeterThread: Stopping: Spotify REST API Test 1-8
2018-05-30 08:55:16,204 INFO o.a.j.t.JMeterThread: Stopping: Spotify REST API Test 1-16
2018-05-30 08:55:16,204 INFO o.a.j.t.JMeterThread: Stopping: Spotify REST API Test 1-20
2018-05-30 08:55:16,204 INFO o.a.j.t.JMeterThread: Thread started: Spotify REST API Test 1-8
2018-05-30 08:55:16,205 INFO o.a.j.t.JMeterThread: Thread started: Spotify REST API Test 1-20
2018-05-30 08:55:16,205 INFO o.a.j.t.JMeterThread: Thread finished: Spotify REST API Test 1-8
2018-05-30 08:55:16,205 INFO o.a.j.t.JMeterThread: Thread finished: Spotify REST API Test 1-20
2018-05-30 08:55:16,204 INFO o.a.j.t.JMeterThread: Stopping: Spotify REST API Test 1-17
2018-05-30 08:55:16,204 INFO o.a.j.t.JMeterThread: Thread started: Spotify REST API Test 1-16
2018-05-30 08:55:16,206 INFO o.a.j.t.JMeterThread: Thread finished: Spotify REST API Test 1-16
2018-05-30 08:55:16,206 INFO o.a.j.t.JMeterThread: Stopping: Spotify REST API Test 1-13
2018-05-30 08:55:16,207 INFO o.a.j.t.JMeterThread: Stopping: Spotify REST API Test 1-12
2018-05-30 08:55:16,207 INFO o.a.j.t.JMeterThread: Stopping: Spotify REST API Test 1-2
2018-05-30 08:55:16,208 WARN o.a.j.t.JMeterThread: The delay timer was interrupted - probably did not wait as long as intended.
2018-05-30 08:55:16,208 INFO o.a.j.t.JMeterThread: Stopping: Spotify REST API Test 1-5
2018-05-30 08:55:16,208 INFO o.a.j.t.JMeterThread: Stopping: Spotify REST API Test 1-6
2018-05-30 08:55:16,208 INFO o.a.j.t.JMeterThread: Stopping: Spotify REST API Test 1-15
2018-05-30 08:55:16,208 INFO o.a.j.t.JMeterThread: Stopping: Spotify REST API Test 1-11
2018-05-30 08:55:16,208 INFO o.a.j.t.JMeterThread: Stopping: Spotify REST API Test 1-3
2018-05-30 08:55:16,208 INFO o.a.j.t.JMeterThread: Stopping: Spotify REST API Test 1-19
2018-05-30 08:55:16,208 INFO o.a.j.t.JMeterThread: Stopping: Spotify REST API Test 1-1
2018-05-30 08:55:16,209 INFO o.a.j.t.JMeterThread: Stopping: Spotify REST API Test 1-18
2018-05-30 08:55:16,209 WARN o.a.j.t.JMeterThread: The delay timer was interrupted - probably did not wait as long as intended.
2018-05-30 08:55:16,209 INFO o.a.j.t.JMeterThread: Stopping: Spotify REST API Test 1-9
2018-05-30 08:55:16,209 INFO o.a.j.t.JMeterThread: Stopping: Spotify REST API Test 1-10
2018-05-30 08:55:16,209 INFO o.a.j.t.JMeterThread: Stopping: Spotify REST API Test 1-14
2018-05-30 08:55:16,209 INFO o.a.j.t.JMeterThread: Thread finished: Spotify REST API Test 1-2
2018-05-30 08:55:16,209 INFO o.a.j.t.JMeterThread: Thread started: Spotify REST API Test 1-17
2018-05-30 08:55:16,210 INFO o.a.j.t.JMeterThread: Thread finished: Spotify REST API Test 1-17
2018-05-30 08:55:16,210 INFO o.a.j.t.JMeterThread: Stopping: Spotify REST API Test 1-4
2018-05-30 08:55:16,212 INFO o.a.j.t.JMeterThread: Thread started: Spotify REST API Test 1-12
2018-05-30 08:55:16,213 INFO o.a.j.t.JMeterThread: Thread finished: Spotify REST API Test 1-1
2018-05-30 08:55:16,213 INFO o.a.j.t.JMeterThread: Thread started: Spotify REST API Test 1-15
2018-05-30 08:55:16,213 INFO o.a.j.t.JMeterThread: Thread started: Spotify REST API Test 1-11
2018-05-30 08:55:16,213 INFO o.a.j.t.JMeterThread: Thread started: Spotify REST API Test 1-18
2018-05-30 08:55:16,213 INFO o.a.j.t.JMeterThread: Thread finished: Spotify REST API Test 1-11
2018-05-30 08:55:16,212 INFO o.a.j.t.JMeterThread: Thread started: Spotify REST API Test 1-9
2018-05-30 08:55:16,213 INFO o.a.j.t.JMeterThread: Thread started: Spotify REST API Test 1-3
2018-05-30 08:55:16,212 INFO o.a.j.t.JMeterThread: Thread started: Spotify REST API Test 1-5
2018-05-30 08:55:16,214 INFO o.a.j.t.JMeterThread: Thread finished: Spotify REST API Test 1-3
2018-05-30 08:55:16,215 INFO o.a.j.t.JMeterThread: Thread finished: Spotify REST API Test 1-5
2018-05-30 08:55:16,215 INFO o.a.j.t.JMeterThread: Thread finished: Spotify REST API Test 1-12
2018-05-30 08:55:16,213 INFO o.a.j.t.JMeterThread: Thread finished: Spotify REST API Test 1-15
2018-05-30 08:55:16,213 INFO o.a.j.t.JMeterThread: Thread started: Spotify REST API Test 1-6
2018-05-30 08:55:16,217 INFO o.a.j.t.JMeterThread: Thread finished: Spotify REST API Test 1-9
2018-05-30 08:55:16,217 INFO o.a.j.t.JMeterThread: Thread started: Spotify REST API Test 1-14
2018-05-30 08:55:16,215 INFO o.a.j.t.JMeterThread: Thread started: Spotify REST API Test 1-19
2018-05-30 08:55:16,217 INFO o.a.j.t.JMeterThread: Thread finished: Spotify REST API Test 1-6
2018-05-30 08:55:16,217 INFO o.a.j.t.JMeterThread: Thread started: Spotify REST API Test 1-10
2018-05-30 08:55:16,217 INFO o.a.j.t.JMeterThread: Thread finished: Spotify REST API Test 1-19
2018-05-30 08:55:16,217 INFO o.a.j.t.JMeterThread: Stopping: Spotify REST API Test 1-7
2018-05-30 08:55:16,218 INFO o.a.j.t.JMeterThread: Thread finished: Spotify REST API Test 1-18
2018-05-30 08:55:16,217 INFO o.a.j.t.JMeterThread: Thread finished: Spotify REST API Test 1-14
2018-05-30 08:55:16,218 INFO o.a.j.t.JMeterThread: Thread finished: Spotify REST API Test 1-10
2018-05-30 08:55:16,217 INFO o.a.j.t.JMeterThread: Thread started: Spotify REST API Test 1-13
2018-05-30 08:55:16,221 INFO o.a.j.t.JMeterThread: Thread finished: Spotify REST API Test 1-13
2018-05-30 08:55:16,222 INFO o.a.j.t.JMeterThread: Thread started: Spotify REST API Test 1-4
2018-05-30 08:55:16,223 INFO o.a.j.t.JMeterThread: Thread started: Spotify REST API Test 1-7
2018-05-30 08:55:16,224 INFO o.a.j.t.JMeterThread: Thread finished: Spotify REST API Test 1-4
2018-05-30 08:55:16,225 INFO o.a.j.t.JMeterThread: Thread finished: Spotify REST API Test 1-7
2018-05-30 08:55:16,227 INFO o.a.j.e.StandardJMeterEngine: Notifying test listeners of end of test
2018-05-30 08:55:16,227 INFO o.a.j.g.u.JMeterMenuBar: setRunning(false, *local*)
